2018-05-20 16:21:56 - PHP Notice:  Undefined index: country_id in /home/wm46776/domains/saytest.ru/public_html/system/storage/modification/catalog/controller/checkout/nicocheckout.php on line 361
2018-05-20 16:22:46 - PHP Notice:  Undefined index: country_id in /home/wm46776/domains/saytest.ru/public_html/system/storage/modification/catalog/controller/checkout/nicocheckout.php on line 361
2018-05-20 16:52:13 - PHP Notice:  Undefined index: country_id in /home/wm46776/domains/saytest.ru/public_html/system/storage/modification/catalog/controller/checkout/nicocheckout.php on line 361
2018-05-20 16:53:06 - PHP Notice:  Undefined index: country_id in /home/wm46776/domains/saytest.ru/public_html/system/storage/modification/catalog/controller/checkout/nicocheckout.php on line 361
2018-05-20 16:54:15 - PHP Notice:  Undefined index: country_id in /home/wm46776/domains/saytest.ru/public_html/system/storage/modification/catalog/controller/checkout/nicocheckout.php on line 361
2018-05-20 17:05:53 - PHP Notice:  Undefined index: country_id in /home/wm46776/domains/saytest.ru/public_html/system/storage/modification/catalog/controller/checkout/nicocheckout.php on line 361
2018-05-20 17:06:27 - PHP Notice:  Undefined index: country_id in /home/wm46776/domains/saytest.ru/public_html/system/storage/modification/catalog/controller/checkout/nicocheckout.php on line 361
2018-05-20 17:08:19 - PHP Notice:  Undefined index: country_id in /home/wm46776/domains/saytest.ru/public_html/system/storage/modification/catalog/controller/checkout/nicocheckout.php on line 361
2018-05-20 17:08:58 - PHP Notice:  Undefined index: country_id in /home/wm46776/domains/saytest.ru/public_html/system/storage/modification/catalog/controller/checkout/nicocheckout.php on line 361
2018-05-20 17:09:05 - PHP Notice:  Undefined index: country_id in /home/wm46776/domains/saytest.ru/public_html/system/storage/modification/catalog/controller/checkout/nicocheckout.php on line 361
2018-05-21 22:54:39 - PHP Notice:  Undefined index: country_id in /home/wm46776/domains/saytest.ru/public_html/system/storage/modification/catalog/controller/checkout/nicocheckout.php on line 361
2018-05-21 22:56:48 - PHP Notice:  Undefined index: country_id in /home/wm46776/domains/saytest.ru/public_html/system/storage/modification/catalog/controller/checkout/nicocheckout.php on line 361
2018-05-21 23:36:24 - PHP Notice:  Undefined index: country_id in /home/wm46776/domains/saytest.ru/public_html/system/storage/modification/catalog/controller/checkout/nicocheckout.php on line 361
2018-05-22 14:22:09 - PHP Notice:  Undefined index: country_id in /home/wm46776/domains/saytest.ru/public_html/system/storage/modification/catalog/controller/checkout/nicocheckout.php on line 361
2018-05-22 15:04:46 - PHP Notice:  Undefined index: country_id in /home/wm46776/domains/saytest.ru/public_html/system/storage/modification/catalog/controller/checkout/nicocheckout.php on line 361
2018-05-22 16:20:05 - PHP Notice:  Undefined index: city in /home/wm46776/domains/saytest.ru/public_html/system/storage/modification/catalog/controller/checkout/nicocheckout.php on line 362
2018-05-22 16:20:05 - PHP Notice:  Undefined index: postcode in /home/wm46776/domains/saytest.ru/public_html/system/storage/modification/catalog/controller/checkout/nicocheckout.php on line 364
2018-05-22 16:20:48 - PHP Notice:  Undefined index: city in /home/wm46776/domains/saytest.ru/public_html/system/storage/modification/catalog/controller/checkout/nicocheckout.php on line 362
2018-05-22 16:20:48 - PHP Notice:  Undefined index: postcode in /home/wm46776/domains/saytest.ru/public_html/system/storage/modification/catalog/controller/checkout/nicocheckout.php on line 364
2018-05-22 16:21:26 - PHP Notice:  Undefined index: city in /home/wm46776/domains/saytest.ru/public_html/system/storage/modification/catalog/controller/checkout/nicocheckout.php on line 362
2018-05-22 16:21:26 - PHP Notice:  Undefined index: postcode in /home/wm46776/domains/saytest.ru/public_html/system/storage/modification/catalog/controller/checkout/nicocheckout.php on line 364
2018-05-22 16:25:27 - PHP Notice:  Undefined index: city in /home/wm46776/domains/saytest.ru/public_html/system/storage/modification/catalog/controller/checkout/nicocheckout.php on line 362
2018-05-22 16:25:27 - PHP Notice:  Undefined index: postcode in /home/wm46776/domains/saytest.ru/public_html/system/storage/modification/catalog/controller/checkout/nicocheckout.php on line 364
2018-05-22 16:26:09 - PHP Notice:  Undefined index: postcode in /home/wm46776/domains/saytest.ru/public_html/system/storage/modification/catalog/controller/checkout/nicocheckout.php on line 364
2018-05-22 16:27:03 - PHP Notice:  Undefined index: postcode in /home/wm46776/domains/saytest.ru/public_html/system/storage/modification/catalog/controller/checkout/nicocheckout.php on line 364
2018-05-22 16:27:11 - PHP Notice:  Undefined index: postcode in /home/wm46776/domains/saytest.ru/public_html/system/storage/modification/catalog/controller/checkout/nicocheckout.php on line 364
2018-05-22 16:27:22 - PHP Notice:  Undefined index: postcode in /home/wm46776/domains/saytest.ru/public_html/system/storage/modification/catalog/controller/checkout/nicocheckout.php on line 364
2018-05-22 16:30:01 - PHP Notice:  Undefined index: city in /home/wm46776/domains/saytest.ru/public_html/system/storage/modification/catalog/controller/checkout/nicocheckout.php on line 362
2018-05-22 16:30:01 - PHP Notice:  Undefined index: postcode in /home/wm46776/domains/saytest.ru/public_html/system/storage/modification/catalog/controller/checkout/nicocheckout.php on line 364
2018-05-22 16:31:43 - PHP Notice:  Undefined index: postcode in /home/wm46776/domains/saytest.ru/public_html/system/storage/modification/catalog/controller/checkout/nicocheckout.php on line 364
2018-05-22 21:27:06 - PHP Notice:  Undefined variable: category_id in /home/wm46776/domains/saytest.ru/public_html/catalog/controller/module/nicofilter.php on line 23
2018-05-22 21:27:06 - PHP Notice:  Undefined variable: category_id in /home/wm46776/domains/saytest.ru/public_html/catalog/controller/module/nicofilter.php on line 25
2018-05-22 21:27:06 - PHP Notice:  Undefined variable: category_id in /home/wm46776/domains/saytest.ru/public_html/catalog/controller/module/nicofilter.php on line 56
2018-05-22 21:27:06 - PHP Notice:  Undefined variable: category_id in /home/wm46776/domains/saytest.ru/public_html/catalog/controller/module/nicofilter.php on line 57
2018-05-22 21:27:06 - PHP Notice:  Undefined variable: category_id in /home/wm46776/domains/saytest.ru/public_html/catalog/controller/module/nicofilter.php on line 59
2018-05-22 21:28:25 - PHP Notice:  Undefined variable: category_id in /home/wm46776/domains/saytest.ru/public_html/catalog/controller/module/nicofilter.php on line 23
2018-05-22 21:28:25 - PHP Notice:  Undefined variable: category_id in /home/wm46776/domains/saytest.ru/public_html/catalog/controller/module/nicofilter.php on line 25
2018-05-22 21:28:25 - PHP Notice:  Undefined variable: category_id in /home/wm46776/domains/saytest.ru/public_html/catalog/controller/module/nicofilter.php on line 56
2018-05-22 21:28:25 - PHP Notice:  Undefined variable: category_id in /home/wm46776/domains/saytest.ru/public_html/catalog/controller/module/nicofilter.php on line 57
2018-05-22 21:28:25 - PHP Notice:  Undefined variable: category_id in /home/wm46776/domains/saytest.ru/public_html/catalog/controller/module/nicofilter.php on line 59
2018-05-22 21:30:35 - PHP Notice:  Undefined variable: category_id in /home/wm46776/domains/saytest.ru/public_html/catalog/controller/module/nicofilter.php on line 23
2018-05-22 21:30:35 - PHP Notice:  Undefined variable: category_id in /home/wm46776/domains/saytest.ru/public_html/catalog/controller/module/nicofilter.php on line 25
2018-05-22 21:30:35 - PHP Notice:  Undefined variable: category_id in /home/wm46776/domains/saytest.ru/public_html/catalog/controller/module/nicofilter.php on line 56
2018-05-22 21:30:35 - PHP Notice:  Undefined variable: category_id in /home/wm46776/domains/saytest.ru/public_html/catalog/controller/module/nicofilter.php on line 57
2018-05-22 21:30:35 - PHP Notice:  Undefined variable: category_id in /home/wm46776/domains/saytest.ru/public_html/catalog/controller/module/nicofilter.php on line 59
2018-05-22 21:30:50 - PHP Notice:  Undefined variable: category_id in /home/wm46776/domains/saytest.ru/public_html/catalog/controller/module/nicofilter.php on line 23
2018-05-22 21:30:50 - PHP Notice:  Undefined variable: category_id in /home/wm46776/domains/saytest.ru/public_html/catalog/controller/module/nicofilter.php on line 25
2018-05-22 21:30:50 - PHP Notice:  Undefined variable: category_id in /home/wm46776/domains/saytest.ru/public_html/catalog/controller/module/nicofilter.php on line 56
2018-05-22 21:30:50 - PHP Notice:  Undefined variable: category_id in /home/wm46776/domains/saytest.ru/public_html/catalog/controller/module/nicofilter.php on line 57
2018-05-22 21:30:50 - PHP Notice:  Undefined variable: category_id in /home/wm46776/domains/saytest.ru/public_html/catalog/controller/module/nicofilter.php on line 59
2018-05-22 21:31:06 - PHP Notice:  Undefined variable: category_id in /home/wm46776/domains/saytest.ru/public_html/catalog/controller/module/nicofilter.php on line 23
2018-05-22 21:31:06 - PHP Notice:  Undefined variable: category_id in /home/wm46776/domains/saytest.ru/public_html/catalog/controller/module/nicofilter.php on line 25
2018-05-22 21:31:06 - PHP Notice:  Undefined variable: category_id in /home/wm46776/domains/saytest.ru/public_html/catalog/controller/module/nicofilter.php on line 56
2018-05-22 21:31:06 - PHP Notice:  Undefined variable: category_id in /home/wm46776/domains/saytest.ru/public_html/catalog/controller/module/nicofilter.php on line 57
2018-05-22 21:31:06 - PHP Notice:  Undefined variable: category_id in /home/wm46776/domains/saytest.ru/public_html/catalog/controller/module/nicofilter.php on line 59
2018-05-28 22:01:21 - PHP Notice:  Undefined index: fax in /home/wm46776/domains/saytest.ru/public_html/catalog/model/account/customer.php on line 14
2018-05-28 22:01:21 - PHP Notice:  Undefined index: company in /home/wm46776/domains/saytest.ru/public_html/catalog/model/account/customer.php on line 18
2018-05-28 22:01:21 - PHP Notice:  Undefined index: address_2 in /home/wm46776/domains/saytest.ru/public_html/catalog/model/account/customer.php on line 18
2018-05-28 22:01:21 - PHP Notice:  Undefined index: postcode in /home/wm46776/domains/saytest.ru/public_html/catalog/model/account/customer.php on line 18
2018-05-29 1:19:44 - PHP Notice:  Undefined index: USD in /home/wm46776/domains/saytest.ru/public_html/system/library/cart/currency.php on line 25
2018-05-29 1:19:44 - PHP Notice:  Undefined index: USD in /home/wm46776/domains/saytest.ru/public_html/system/library/cart/currency.php on line 26
2018-05-29 1:19:44 - PHP Notice:  Undefined index: USD in /home/wm46776/domains/saytest.ru/public_html/system/library/cart/currency.php on line 27
2018-05-29 1:19:44 - PHP Notice:  Undefined index: USD in /home/wm46776/domains/saytest.ru/public_html/system/library/cart/currency.php on line 30
2018-05-29 1:19:44 - PHP Notice:  Undefined index: USD in /home/wm46776/domains/saytest.ru/public_html/system/library/cart/currency.php on line 25
2018-05-29 1:19:44 - PHP Notice:  Undefined index: USD in /home/wm46776/domains/saytest.ru/public_html/system/library/cart/currency.php on line 26
2018-05-29 1:19:44 - PHP Notice:  Undefined index: USD in /home/wm46776/domains/saytest.ru/public_html/system/library/cart/currency.php on line 27
2018-05-29 1:19:44 - PHP Notice:  Undefined index: USD in /home/wm46776/domains/saytest.ru/public_html/system/library/cart/currency.php on line 30
2018-05-29 1:19:44 - PHP Notice:  Undefined index: USD in /home/wm46776/domains/saytest.ru/public_html/system/library/cart/currency.php on line 25
2018-05-29 1:19:44 - PHP Notice:  Undefined index: USD in /home/wm46776/domains/saytest.ru/public_html/system/library/cart/currency.php on line 26
2018-05-29 1:19:44 - PHP Notice:  Undefined index: USD in /home/wm46776/domains/saytest.ru/public_html/system/library/cart/currency.php on line 27
2018-05-29 1:19:44 - PHP Notice:  Undefined index: USD in /home/wm46776/domains/saytest.ru/public_html/system/library/cart/currency.php on line 30
2018-05-29 1:20:02 - PHP Notice:  Undefined index: USD in /home/wm46776/domains/saytest.ru/public_html/system/library/cart/currency.php on line 25
2018-05-29 1:20:02 - PHP Notice:  Undefined index: USD in /home/wm46776/domains/saytest.ru/public_html/system/library/cart/currency.php on line 26
2018-05-29 1:20:02 - PHP Notice:  Undefined index: USD in /home/wm46776/domains/saytest.ru/public_html/system/library/cart/currency.php on line 27
2018-05-29 1:20:02 - PHP Notice:  Undefined index: USD in /home/wm46776/domains/saytest.ru/public_html/system/library/cart/currency.php on line 30
2018-05-29 1:20:02 - PHP Notice:  Undefined index: USD in /home/wm46776/domains/saytest.ru/public_html/system/library/cart/currency.php on line 25
2018-05-29 1:20:02 - PHP Notice:  Undefined index: USD in /home/wm46776/domains/saytest.ru/public_html/system/library/cart/currency.php on line 26
2018-05-29 1:20:02 - PHP Notice:  Undefined index: USD in /home/wm46776/domains/saytest.ru/public_html/system/library/cart/currency.php on line 27
2018-05-29 1:20:02 - PHP Notice:  Undefined index: USD in /home/wm46776/domains/saytest.ru/public_html/system/library/cart/currency.php on line 30
2018-05-29 1:20:02 - PHP Notice:  Undefined index: USD in /home/wm46776/domains/saytest.ru/public_html/system/library/cart/currency.php on line 25
2018-05-29 1:20:02 - PHP Notice:  Undefined index: USD in /home/wm46776/domains/saytest.ru/public_html/system/library/cart/currency.php on line 26
2018-05-29 1:20:02 - PHP Notice:  Undefined index: USD in /home/wm46776/domains/saytest.ru/public_html/system/library/cart/currency.php on line 27
2018-05-29 1:20:02 - PHP Notice:  Undefined index: USD in /home/wm46776/domains/saytest.ru/public_html/system/library/cart/currency.php on line 30
2018-05-29 5:44:03 - PHP Notice:  Undefined index: RUB in /home/wm46776/domains/saytest.ru/public_html/system/library/cart/currency.php on line 25
2018-05-29 5:44:03 - PHP Notice:  Undefined index: RUB in /home/wm46776/domains/saytest.ru/public_html/system/library/cart/currency.php on line 26
2018-05-29 5:44:03 - PHP Notice:  Undefined index: RUB in /home/wm46776/domains/saytest.ru/public_html/system/library/cart/currency.php on line 27
2018-05-29 5:44:03 - PHP Notice:  Undefined index: RUB in /home/wm46776/domains/saytest.ru/public_html/system/library/cart/currency.php on line 30
2018-05-29 5:44:03 - PHP Notice:  Undefined index: RUB in /home/wm46776/domains/saytest.ru/public_html/system/library/cart/currency.php on line 25
2018-05-29 5:44:03 - PHP Notice:  Undefined index: RUB in /home/wm46776/domains/saytest.ru/public_html/system/library/cart/currency.php on line 26
2018-05-29 5:44:03 - PHP Notice:  Undefined index: RUB in /home/wm46776/domains/saytest.ru/public_html/system/library/cart/currency.php on line 27
2018-05-29 5:44:03 - PHP Notice:  Undefined index: RUB in /home/wm46776/domains/saytest.ru/public_html/system/library/cart/currency.php on line 30
2018-05-29 23:10:58 - PHP Warning:  filesize(): stat failed for /home/wm46776/domains/saytest.ru/public_html/system/storage/cache/cache.category.seopath.1527628258 in /home/wm46776/domains/saytest.ru/public_html/system/library/cache/file.php on line 32
2018-05-29 23:10:58 - PHP Warning:  fread(): Length parameter must be greater than 0 in /home/wm46776/domains/saytest.ru/public_html/system/library/cache/file.php on line 32
